grave_finder_app/releases/production/2.1.8/proguard/mapping.txt
pl.itiner.grave.About -> pl.itiner.grave.About:
    void onCreate(android.os.Bundle) -> onCreate
pl.itiner.grave.AlertDialogFragment -> pl.itiner.grave.a:
    java.lang.String TITLE_BUND -> a
    java.lang.String MESSAGE_BUND -> b
    pl.itiner.grave.SearchActivity activity -> c
    android.content.DialogInterface$OnClickListener okClickListener -> d
    void onAttach(android.app.Activity) -> onAttach
    void onDetach() -> onDetach
    android.app.Dialog onCreateDialog(android.os.Bundle) -> onCreateDialog
    pl.itiner.grave.AlertDialogFragment create(int,int) -> a
    pl.itiner.grave.SearchActivity access$000(pl.itiner.grave.AlertDialogFragment) -> a
pl.itiner.grave.AlertDialogFragment$1 -> pl.itiner.grave.b:
    pl.itiner.grave.AlertDialogFragment this$0 -> a
    void onClick(android.content.DialogInterface,int) -> onClick
pl.itiner.grave.App -> pl.itiner.grave.App:
    void onCreate() -> onCreate
pl.itiner.grave.GFormFragment -> pl.itiner.grave.GFormFragment:
    android.widget.Spinner necropolis -> a
    android.widget.DatePicker datePicker -> b
    android.widget.CheckBox checkBoxDate -> c
    android.widget.AutoCompleteTextView editTextSurname -> d
    android.widget.AutoCompleteTextView editTextName -> e
    int whichDate -> f
    android.widget.Button find -> g
    android.widget.RadioGroup dateGroup -> h
    pl.itiner.grave.SearchActivity activity -> i
    android.widget.CompoundButton$OnCheckedChangeListener onCheckedDateVisiable -> j
    android.widget.RadioGroup$OnCheckedChangeListener onCheckDateType -> k
    void onAttach(android.app.Activity) -> onAttach
    void onDetach() -> onDetach
    android.view.View onCreateView(android.view.LayoutInflater,android.view.ViewGroup,android.os.Bundle) -> onCreateView
    android.support.v4.widget.SimpleCursorAdapter createAdapter(pl.itiner.db.NameHintProvider$QUERY_TYPES) -> a
    void addQueryToCache(pl.itiner.db.NameHintProvider$QUERY_TYPES,java.lang.String) -> a
    void access$000(pl.itiner.grave.GFormFragment) -> a
    pl.itiner.grave.SearchActivity access$100(pl.itiner.grave.GFormFragment) -> b
    android.widget.CheckBox access$200(pl.itiner.grave.GFormFragment) -> c
    android.widget.RadioGroup access$300(pl.itiner.grave.GFormFragment) -> d
    android.widget.DatePicker access$400(pl.itiner.grave.GFormFragment) -> e
    int access$502(pl.itiner.grave.GFormFragment,int) -> a
pl.itiner.grave.GFormFragment$1 -> pl.itiner.grave.c:
    pl.itiner.grave.GFormFragment this$0 -> a
    boolean onEditorAction(android.widget.TextView,int,android.view.KeyEvent) -> onEditorAction
pl.itiner.grave.GFormFragment$2 -> pl.itiner.grave.d:
    pl.itiner.grave.GFormFragment this$0 -> a
    java.lang.CharSequence convertToString(android.database.Cursor) -> a
pl.itiner.grave.GFormFragment$3 -> pl.itiner.grave.e:
    pl.itiner.db.NameHintProvider$QUERY_TYPES val$type -> a
    pl.itiner.grave.GFormFragment this$0 -> b
    android.database.Cursor runQuery(java.lang.CharSequence) -> runQuery
pl.itiner.grave.GFormFragment$4 -> pl.itiner.grave.f:
    pl.itiner.grave.GFormFragment this$0 -> a
    boolean setViewValue(android.view.View,android.database.Cursor,int) -> a
pl.itiner.grave.GFormFragment$5 -> pl.itiner.grave.g:
    pl.itiner.grave.GFormFragment this$0 -> a
    void onCheckedChanged(android.widget.CompoundButton,boolean) -> onCheckedChanged
pl.itiner.grave.GFormFragment$6 -> pl.itiner.grave.h:
    pl.itiner.grave.GFormFragment this$0 -> a
    void onCheckedChanged(android.widget.RadioGroup,int) -> onCheckedChanged
pl.itiner.grave.GFormFragment$7 -> pl.itiner.grave.i:
    pl.itiner.grave.GFormFragment this$0 -> a
    void onClick(android.view.View) -> onClick
...
javax.awt.geom.Point2D$Double -> b.a.a.b:
    double x -> a
    double y -> b
    double getX() -> a
    double getY() -> b
    java.lang.String toString() -> toString
javax.microedition.io.Connection -> b.b.a.a:
    void close() -> b
javax.microedition.io.ContentConnection -> b.b.a.b:
javax.microedition.io.HttpConnection -> b.b.a.c:
    java.lang.String getHeaderField(java.lang.String) -> b
    int getResponseCode() -> a
    void setRequestMethod(java.lang.String) -> a
    void setRequestProperty(java.lang.String,java.lang.String) -> a
javax.microedition.io.InputConnection -> b.b.a.d:
    java.io.InputStream openInputStream() -> c
javax.microedition.io.OutputConnection -> b.b.a.e:
    java.io.OutputStream openOutputStream() -> d
javax.microedition.io.StreamConnection -> b.b.a.f:
net.sourceforge.jmicropolygon.GeomUtils -> c.a.a.a:
    boolean withinBounds(int,int,int,int,int,int,int,int) -> a
    int[][][] split(int[],int[],int,int) -> a
    int[][] trimEar(int[],int[],int) -> a
    int indexOfLeast(int[]) -> a
    boolean sameSide(int,int,int,int,int,int,int,int) -> b
    int min(int,int,int) -> a
    int max(int,int,int) -> b
net.sourceforge.jmicropolygon.PolygonGraphics -> c.a.a.b:
    void hashPolygon$430c6c5c(com.nutiteq.wrappers.Graphics,int[],int[],int,int,int) -> a
    boolean cursorOnPolygon(com.nutiteq.components.MapPos[],int,int) -> a
    boolean cursorOnPolygon(com.nutiteq.components.MapPos[],java.util.Stack,int,int) -> a
    void hashPolygon$1af6fd1(com.nutiteq.wrappers.Graphics,int[],int[],java.util.Stack,int,int,int) -> a
    void fillPolygon(com.nutiteq.wrappers.Graphics,int[],int[]) -> a
    void fillPolygon(com.nutiteq.wrappers.Graphics,int[],int[],java.util.Stack) -> a
org.kxml2.io.KXmlParser -> d.a.a.a:
    java.lang.Object location -> a
    java.lang.String version -> b
    java.lang.Boolean standalone -> c
    boolean processNsp -> d
    boolean relaxed -> e
    java.util.Hashtable entityMap -> f
    int depth -> g
    java.lang.String[] elementStack -> h
    java.lang.String[] nspStack -> i
    int[] nspCounts -> j
    java.io.Reader reader -> k
    java.lang.String encoding -> l
    char[] srcBuf -> m
    int srcPos -> n
    int srcCount -> o
    int line -> p
    int column -> q
    char[] txtBuf -> r
    int txtPos -> s
    int type -> t
    boolean isWhitespace -> u
    java.lang.String namespace -> v
    java.lang.String prefix -> w
    java.lang.String name -> x
    boolean degenerated -> y
    int attributeCount -> z
    java.lang.String[] attributes -> A
    int stackMismatch -> B
    java.lang.String error -> C
    int[] peek -> D
    int peekCount -> E
    boolean wasCR -> F
    boolean unresolved -> G
    boolean token -> H
    boolean isProp(java.lang.String,boolean,java.lang.String) -> a
    boolean adjustNsp() -> a
    java.lang.String[] ensureCapacity(java.lang.String[],int) -> a
    void error(java.lang.String) -> a
    void exception(java.lang.String) -> b
    void nextImpl() -> b
    int parseLegacy(boolean) -> a
    void parseDoctype(boolean) -> b
    void parseEndTag() -> c
    int peekType() -> d
    java.lang.String get(int) -> a
    void push(int) -> b
    void parseStartTag(boolean) -> c
pl.itiner.commons.Commons -> pl.itiner.a.a:
    java.lang.String capitalizeFirstLetter(java.lang.String) -> a
pl.itiner.db.DepartedCursor -> pl.itiner.db.a:
    java.lang.String getSurname() -> getSurname
    java.lang.String getName() -> getName
    java.util.Date getBurialDate() -> getBurialDate
    java.util.Date getDeathDate() -> getDeathDate
    long getCmId() -> getCmId
    java.lang.String getQuater() -> getQuater
    java.lang.String getPlace() -> getPlace
    java.lang.String getRow() -> getRow
    java.lang.String getFamily() -> getFamily
    java.lang.String getField() -> getField
    java.lang.String getSize() -> getSize
    java.util.Date getBirthDate() -> getBirthDate
    android.location.Location getLocation() -> getLocation
    long getId() -> getId